TN:
SF:D:\workspace\RickAndMortyAPI\src\App.vue
FN:15,(anonymous_1)
FNF:1
FNH:0
FNDA:0,(anonymous_1)
DA:10,0
DA:15,0
LF:2
LH:0
BRF:0
BRH:0
end_of_record
TN:
SF:D:\workspace\RickAndMortyAPI\src\main.ts
FN:14,(anonymous_0)
FNF:1
FNH:0
FNDA:0,(anonymous_0)
DA:1,0
DA:2,0
DA:3,0
DA:4,0
DA:5,0
DA:6,0
DA:8,0
DA:10,0
DA:14,0
LF:9
LH:0
BRF:0
BRH:0
end_of_record
TN:
SF:D:\workspace\RickAndMortyAPI\src\components\HelloWorld.vue
FNF:0
FNH:0
DA:53,1
LF:1
LH:1
BRF:0
BRH:0
end_of_record
TN:
SF:D:\workspace\RickAndMortyAPI\src\components\char\consult\CharConsult.vue
FN:47,(anonymous_1)
FN:49,onBackClick
FNF:2
FNH:0
FNDA:0,(anonymous_1)
FNDA:0,onBackClick
DA:17,0
DA:18,0
DA:19,0
DA:48,0
DA:50,0
DA:54,0
LF:6
LH:0
BRF:0
BRH:0
end_of_record
TN:
SF:D:\workspace\RickAndMortyAPI\src\components\char\consult\shared\CharEpisodeTable.vue
FN:38,(anonymous_1)
FNF:1
FNH:0
FNDA:0,(anonymous_1)
DA:23,0
DA:24,0
DA:39,0
DA:48,0
LF:4
LH:0
BRF:0
BRH:0
end_of_record
TN:
SF:D:\workspace\RickAndMortyAPI\src\components\char\consult\shared\CharInfo.vue
FN:125,(anonymous_1)
FN:128,(anonymous_2)
FNF:2
FNH:0
FNDA:0,(anonymous_1)
FNDA:0,(anonymous_2)
DA:97,0
DA:103,0
DA:104,0
DA:126,0
DA:128,0
DA:129,0
DA:130,0
DA:131,0
DA:132,0
DA:134,0
DA:138,0
LF:11
LH:0
BRDA:129,0,0,0
BRDA:129,0,1,0
BRDA:131,1,0,0
BRDA:131,1,1,0
BRF:4
BRH:0
end_of_record
TN:
SF:D:\workspace\RickAndMortyAPI\src\components\char\consult\shared\CharListDialog.vue
FN:59,(anonymous_1)
FN:64,loadCharList
FN:65,(anonymous_3)
FN:71,(anonymous_4)
FN:75,(anonymous_5)
FN:79,openDialog
FN:84,closeDialog
FN:88,(anonymous_8)
FN:92,(anonymous_9)
FNF:9
FNH:0
FNDA:0,(anonymous_1)
FNDA:0,loadCharList
FNDA:0,(anonymous_3)
FNDA:0,(anonymous_4)
FNDA:0,(anonymous_5)
FNDA:0,openDialog
FNDA:0,closeDialog
FNDA:0,(anonymous_8)
FNDA:0,(anonymous_9)
DA:36,0
DA:42,0
DA:43,0
DA:60,0
DA:65,0
DA:68,0
DA:71,0
DA:72,0
DA:75,0
DA:76,0
DA:80,0
DA:81,0
DA:85,0
DA:88,0
DA:89,0
DA:92,0
DA:93,0
DA:96,0
LF:18
LH:0
BRDA:93,0,0,0
BRDA:93,0,1,0
BRF:2
BRH:0
end_of_record
TN:
SF:D:\workspace\RickAndMortyAPI\src\components\char\consult\shared\CharRowInfo.vue
FN:49,(anonymous_1)
FNF:1
FNH:0
FNDA:0,(anonymous_1)
DA:21,0
DA:50,0
DA:51,0
LF:3
LH:0
BRF:0
BRH:0
end_of_record
TN:
SF:D:\workspace\RickAndMortyAPI\src\components\char\list\CharList.vue
FN:40,(anonymous_1)
FN:43,onCardClick
FN:47,navigateToContultChar
FNF:3
FNH:0
FNDA:0,(anonymous_1)
FNDA:0,onCardClick
FNDA:0,navigateToContultChar
DA:18,0
DA:20,0
DA:41,0
DA:44,0
DA:48,0
DA:54,0
LF:6
LH:0
BRF:0
BRH:0
end_of_record
TN:
SF:D:\workspace\RickAndMortyAPI\src\components\char\shared\card\CharCard.vue
FN:73,(anonymous_1)
FN:76,onCardClick
FN:80,formatDate
FNF:3
FNH:2
FNDA:1,(anonymous_1)
FNDA:0,onCardClick
FNDA:1,formatDate
DA:50,1
DA:74,1
DA:77,0
DA:81,1
DA:84,1
LF:5
LH:4
BRF:0
BRH:0
end_of_record
TN:
SF:D:\workspace\RickAndMortyAPI\src\components\shared\error\Error.vue
FN:27,(anonymous_1)
FN:30,onBackClick
FNF:2
FNH:0
FNDA:0,(anonymous_1)
FNDA:0,onBackClick
DA:14,0
DA:28,0
DA:31,0
DA:36,0
LF:4
LH:0
BRF:0
BRH:0
end_of_record
TN:
SF:D:\workspace\RickAndMortyAPI\src\components\shared\footer\Footer.vue
FN:21,(anonymous_1)
FNF:1
FNH:0
FNDA:0,(anonymous_1)
DA:17,0
DA:22,0
DA:23,0
LF:3
LH:0
BRF:0
BRH:0
end_of_record
TN:
SF:D:\workspace\RickAndMortyAPI\src\components\shared\header\Header.vue
FN:14,(anonymous_1)
FNF:1
FNH:0
FNDA:0,(anonymous_1)
DA:10,0
DA:15,0
DA:16,0
LF:3
LH:0
BRF:0
BRH:0
end_of_record
TN:
SF:D:\workspace\RickAndMortyAPI\src\components\shared\pagination\Pagination.vue
FN:39,(anonymous_1)
FN:44,getCurrentPage
FN:49,onNextClick
FN:57,onPreviousClick
FN:65,onChangingPage
FN:70,(anonymous_6)
FN:77,(anonymous_8)
FNF:7
FNH:0
FNDA:0,(anonymous_1)
FNDA:0,getCurrentPage
FNDA:0,onNextClick
FNDA:0,onPreviousClick
FNDA:0,onChangingPage
FNDA:0,(anonymous_6)
FNDA:0,(anonymous_8)
DA:12,0
DA:15,0
DA:40,0
DA:45,0
DA:46,0
DA:50,0
DA:51,0
DA:52,0
DA:54,0
DA:58,0
DA:59,0
DA:60,0
DA:62,0
DA:66,0
DA:67,0
DA:70,0
DA:73,0
DA:77,0
DA:80,0
DA:84,0
LF:20
LH:0
BRDA:46,0,0,0
BRDA:46,0,1,0
BRDA:51,1,0,0
BRDA:51,1,1,0
BRDA:59,2,0,0
BRDA:59,2,1,0
BRF:6
BRH:0
end_of_record
TN:
SF:D:\workspace\RickAndMortyAPI\src\components\shared\search-bar\SearchBar.vue
FN:60,(anonymous_1)
FN:65,(anonymous_2)
FN:69,onSearchClick
FN:74,(anonymous_4)
FNF:4
FNH:0
FNDA:0,(anonymous_1)
FNDA:0,(anonymous_2)
FNDA:0,onSearchClick
FNDA:0,(anonymous_4)
DA:42,0
DA:61,0
DA:65,0
DA:66,0
DA:70,0
DA:71,0
DA:74,0
DA:75,0
DA:78,0
LF:9
LH:0
BRF:0
BRH:0
end_of_record
TN:
SF:D:\workspace\RickAndMortyAPI\src\helper\number.helper.ts
FN:1,extractNumberFromUrl
FNF:1
FNH:0
FNDA:0,extractNumberFromUrl
DA:2,0
DA:3,0
DA:5,0
DA:6,0
DA:7,0
LF:5
LH:0
BRDA:2,0,0,0
BRDA:2,0,1,0
BRF:2
BRH:0
end_of_record
TN:
SF:D:\workspace\RickAndMortyAPI\src\lib\api-client.ts
FNF:0
FNH:0
DA:1,0
DA:3,0
LF:2
LH:0
BRF:0
BRH:0
end_of_record
TN:
SF:D:\workspace\RickAndMortyAPI\src\lib\manager\char\char.manager.ts
FN:6,(anonymous_0)
FN:8,(anonymous_1)
FN:14,(anonymous_2)
FN:17,(anonymous_3)
FN:19,(anonymous_4)
FN:22,(anonymous_5)
FN:26,(anonymous_6)
FNF:7
FNH:0
FNDA:0,(anonymous_0)
FNDA:0,(anonymous_1)
FNDA:0,(anonymous_2)
FNDA:0,(anonymous_3)
FNDA:0,(anonymous_4)
FNDA:0,(anonymous_5)
FNDA:0,(anonymous_6)
DA:6,0
DA:11,0
DA:12,0
DA:14,0
DA:18,0
DA:19,0
DA:23,0
DA:24,0
DA:26,0
LF:9
LH:0
BRF:0
BRH:0
end_of_record
TN:
SF:D:\workspace\RickAndMortyAPI\src\lib\manager\episode\episode.manager.ts
FN:5,(anonymous_0)
FN:7,(anonymous_1)
FN:11,(anonymous_2)
FNF:3
FNH:0
FNDA:0,(anonymous_0)
FNDA:0,(anonymous_1)
FNDA:0,(anonymous_2)
DA:5,0
DA:8,0
DA:9,0
DA:11,0
LF:4
LH:0
BRF:0
BRH:0
end_of_record
TN:
SF:D:\workspace\RickAndMortyAPI\src\lib\manager\location\location.manager.ts
FN:5,(anonymous_0)
FN:7,(anonymous_1)
FN:10,(anonymous_2)
FNF:3
FNH:0
FNDA:0,(anonymous_0)
FNDA:0,(anonymous_1)
FNDA:0,(anonymous_2)
DA:5,0
DA:8,0
DA:10,0
LF:3
LH:0
BRF:0
BRH:0
end_of_record
TN:
SF:D:\workspace\RickAndMortyAPI\src\plugins\utils.ts
FN:8,vueInit
FNF:1
FNH:1
FNDA:1,vueInit
DA:4,1
DA:5,1
DA:6,1
DA:9,1
DA:10,1
DA:15,1
LF:6
LH:6
BRF:0
BRH:0
end_of_record
TN:
SF:D:\workspace\RickAndMortyAPI\src\plugins\vue-composition-api.ts
FNF:0
FNH:0
DA:1,0
DA:2,0
DA:4,0
LF:3
LH:0
BRF:0
BRH:0
end_of_record
TN:
SF:D:\workspace\RickAndMortyAPI\src\plugins\vuetify.ts
FNF:0
FNH:0
DA:1,0
DA:2,0
DA:4,0
DA:6,0
LF:4
LH:0
BRF:0
BRH:0
end_of_record
TN:
SF:D:\workspace\RickAndMortyAPI\src\router\index.ts
FN:23,(anonymous_0)
FN:34,(anonymous_1)
FN:44,(anonymous_3)
FNF:3
FNH:0
FNDA:0,(anonymous_0)
FNDA:0,(anonymous_1)
FNDA:0,(anonymous_3)
DA:1,0
DA:2,0
DA:3,0
DA:4,0
DA:6,0
DA:8,0
DA:24,0
DA:25,0
DA:27,0
DA:34,0
DA:38,0
DA:44,0
DA:45,0
DA:46,0
DA:47,0
DA:48,0
DA:50,0
DA:54,0
LF:18
LH:0
BRDA:24,0,0,0
BRDA:24,0,1,0
BRDA:47,1,0,0
BRDA:47,1,1,0
BRF:4
BRH:0
end_of_record
TN:
SF:D:\workspace\RickAndMortyAPI\src\store\index.ts
FNF:0
FNH:0
DA:1,0
DA:2,0
DA:3,0
DA:4,0
DA:5,0
DA:7,0
DA:8,0
DA:10,0
LF:8
LH:0
BRDA:18,0,0,0
BRDA:18,0,1,0
BRF:2
BRH:0
end_of_record
TN:
SF:D:\workspace\RickAndMortyAPI\src\store\modules\char.store.ts
FN:36,(anonymous_0)
FN:39,(anonymous_1)
FN:42,(anonymous_2)
FN:45,(anonymous_3)
FN:48,(anonymous_4)
FN:54,(anonymous_5)
FN:58,(anonymous_6)
FN:63,(anonymous_7)
FN:66,(anonymous_8)
FN:71,(anonymous_9)
FN:75,(anonymous_10)
FN:79,(anonymous_11)
FN:82,(anonymous_12)
FN:86,(anonymous_13)
FN:90,(anonymous_14)
FN:94,(anonymous_15)
FN:97,(anonymous_16)
FNF:17
FNH:0
FNDA:0,(anonymous_0)
FNDA:0,(anonymous_1)
FNDA:0,(anonymous_2)
FNDA:0,(anonymous_3)
FNDA:0,(anonymous_4)
FNDA:0,(anonymous_5)
FNDA:0,(anonymous_6)
FNDA:0,(anonymous_7)
FNDA:0,(anonymous_8)
FNDA:0,(anonymous_9)
FNDA:0,(anonymous_10)
FNDA:0,(anonymous_11)
FNDA:0,(anonymous_12)
FNDA:0,(anonymous_13)
FNDA:0,(anonymous_14)
FNDA:0,(anonymous_15)
FNDA:0,(anonymous_16)
DA:1,0
DA:2,0
DA:13,0
DA:25,0
DA:35,0
DA:37,0
DA:40,0
DA:43,0
DA:46,0
DA:49,0
DA:53,0
DA:55,0
DA:56,0
DA:59,0
DA:60,0
DA:61,0
DA:64,0
DA:67,0
DA:72,0
DA:73,0
DA:76,0
DA:77,0
DA:80,0
DA:83,0
DA:87,0
DA:88,0
DA:91,0
DA:92,0
DA:95,0
DA:98,0
DA:103,0
DA:105,0
DA:107,0
LF:33
LH:0
BRF:0
BRH:0
end_of_record
TN:
SF:D:\workspace\RickAndMortyAPI\src\store\modules\episode.store.ts
FN:26,(anonymous_0)
FN:29,(anonymous_1)
FN:32,(anonymous_2)
FN:38,(anonymous_3)
FN:42,(anonymous_4)
FN:52,(anonymous_5)
FN:55,(anonymous_6)
FNF:7
FNH:0
FNDA:0,(anonymous_0)
FNDA:0,(anonymous_1)
FNDA:0,(anonymous_2)
FNDA:0,(anonymous_3)
FNDA:0,(anonymous_4)
FNDA:0,(anonymous_5)
FNDA:0,(anonymous_6)
DA:1,0
DA:2,0
DA:11,0
DA:19,0
DA:25,0
DA:27,0
DA:30,0
DA:33,0
DA:37,0
DA:39,0
DA:40,0
DA:43,0
DA:44,0
DA:45,0
DA:47,0
DA:49,0
DA:50,0
DA:53,0
DA:56,0
DA:61,0
DA:63,0
DA:65,0
LF:22
LH:0
BRDA:44,0,0,0
BRDA:44,0,1,0
BRF:2
BRH:0
end_of_record
TN:
SF:D:\workspace\RickAndMortyAPI\src\store\modules\location.store.ts
FN:26,(anonymous_0)
FN:29,(anonymous_1)
FN:32,(anonymous_2)
FN:38,(anonymous_3)
FN:42,(anonymous_4)
FN:46,(anonymous_5)
FN:49,(anonymous_6)
FNF:7
FNH:0
FNDA:0,(anonymous_0)
FNDA:0,(anonymous_1)
FNDA:0,(anonymous_2)
FNDA:0,(anonymous_3)
FNDA:0,(anonymous_4)
FNDA:0,(anonymous_5)
FNDA:0,(anonymous_6)
DA:1,0
DA:2,0
DA:11,0
DA:19,0
DA:25,0
DA:27,0
DA:30,0
DA:33,0
DA:37,0
DA:39,0
DA:40,0
DA:43,0
DA:44,0
DA:47,0
DA:50,0
DA:55,0
DA:57,0
DA:59,0
LF:18
LH:0
BRF:0
BRH:0
end_of_record
TN:
SF:D:\workspace\RickAndMortyAPI\src\views\Char.vue
FN:32,(anonymous_1)
FN:35,(anonymous_2)
FN:40,(anonymous_3)
FN:44,(anonymous_4)
FN:52,loadEpisodeList
FN:53,(anonymous_7)
FN:59,loadCharLocation
FN:66,(anonymous_9)
FN:70,(anonymous_10)
FN:74,(anonymous_11)
FN:82,(anonymous_12)
FNF:11
FNH:0
FNDA:0,(anonymous_1)
FNDA:0,(anonymous_2)
FNDA:0,(anonymous_3)
FNDA:0,(anonymous_4)
FNDA:0,loadEpisodeList
FNDA:0,(anonymous_7)
FNDA:0,loadCharLocation
FNDA:0,(anonymous_9)
FNDA:0,(anonymous_10)
FNDA:0,(anonymous_11)
FNDA:0,(anonymous_12)
DA:14,0
DA:15,0
DA:16,0
DA:17,0
DA:33,0
DA:35,0
DA:36,0
DA:37,0
DA:40,0
DA:41,0
DA:44,0
DA:47,0
DA:48,0
DA:53,0
DA:56,0
DA:60,0
DA:66,0
DA:67,0
DA:70,0
DA:71,0
DA:74,0
DA:75,0
DA:82,0
DA:83,0
DA:93,0
LF:25
LH:0
BRDA:75,0,0,0
BRDA:75,0,1,0
BRDA:75,0,2,0
BRDA:83,1,0,0
BRDA:83,1,1,0
BRDA:83,1,2,0
BRDA:83,1,3,0
BRDA:83,1,4,0
BRDA:83,1,5,0
BRF:9
BRH:0
end_of_record
TN:
SF:D:\workspace\RickAndMortyAPI\src\views\Home.vue
FN:102,(anonymous_1)
FN:118,onSearchChar
FN:128,(anonymous_3)
FN:132,(anonymous_4)
FN:136,(anonymous_5)
FN:140,(anonymous_6)
FNF:6
FNH:0
FNDA:0,(anonymous_1)
FNDA:0,onSearchChar
FNDA:0,(anonymous_3)
FNDA:0,(anonymous_4)
FNDA:0,(anonymous_5)
FNDA:0,(anonymous_6)
DA:78,0
DA:79,0
DA:80,0
DA:81,0
DA:82,0
DA:83,0
DA:85,0
DA:103,0
DA:122,0
DA:123,0
DA:125,0
DA:128,0
DA:129,0
DA:132,0
DA:133,0
DA:136,0
DA:137,0
DA:140,0
DA:141,0
DA:144,0
LF:20
LH:0
BRDA:122,0,0,0
BRDA:122,0,1,0
BRF:2
BRH:0
end_of_record
